Noise Level: 00
Valid Epoch=1 | ACC: 0.9877|F1: 0.6825
Valid Epoch=2 | ACC: 0.9926|F1: 0.7837
Valid Epoch=3 | ACC: 0.9922|F1: 0.7777
Valid Epoch=4 | ACC: 0.9935|F1: 0.8079
Valid Epoch=5 | ACC: 0.9931|F1: 0.8018
Valid Epoch=6 | ACC: 0.9915|F1: 0.7703
Reducing learning rate by 0.1000
Valid Epoch=7 | ACC: 0.9926|F1: 0.7896
Valid Epoch=8 | ACC: 0.9926|F1: 0.7903
Reducing learning rate by 0.1000
Valid Epoch=9 | ACC: 0.9928|F1: 0.7931
Valid Epoch=10 | ACC: 0.9930|F1: 0.7972
Reducing learning rate by 0.1000
Early stop at epoch 10 with F1=0.7972
Reload model:outputs/seed42_detector.pth
Test Noise=00 | Stable | Epoch=10 | ACC: 0.9936|F1: 0.8109
Test Noise=00 | Unstable | Epoch=10 | ACC: 0.9936|F1: 0.8134
Noise Level: 02
Valid Epoch=1 | ACC: 0.9918|F1: 0.7648
Valid Epoch=2 | ACC: 0.9928|F1: 0.7909
Valid Epoch=3 | ACC: 0.9932|F1: 0.8028
Valid Epoch=4 | ACC: 0.9926|F1: 0.7905
Valid Epoch=5 | ACC: 0.9947|F1: 0.8401
Valid Epoch=6 | ACC: 0.9937|F1: 0.8184
Valid Epoch=7 | ACC: 0.9949|F1: 0.8475
Valid Epoch=8 | ACC: 0.9953|F1: 0.8596
Valid Epoch=9 | ACC: 0.9947|F1: 0.8454
Valid Epoch=10 | ACC: 0.9949|F1: 0.8489
Reducing learning rate by 0.1000
Valid Epoch=11 | ACC: 0.9948|F1: 0.8461
Valid Epoch=12 | ACC: 0.9947|F1: 0.8442
Reducing learning rate by 0.1000
Valid Epoch=13 | ACC: 0.9949|F1: 0.8487
Valid Epoch=14 | ACC: 0.9948|F1: 0.8475
Reducing learning rate by 0.1000
Early stop at epoch 14 with F1=0.8475
Reload model:outputs/seed42_detector.pth
Test Noise=02 | Stable | Epoch=14 | ACC: 0.9951|F1: 0.8533
Test Noise=02 | Unstable | Epoch=14 | ACC: 0.9952|F1: 0.8538
Noise Level: 04
Valid Epoch=1 | ACC: 0.9908|F1: 0.7300
Valid Epoch=2 | ACC: 0.9926|F1: 0.7809
Valid Epoch=3 | ACC: 0.9911|F1: 0.7535
Valid Epoch=4 | ACC: 0.9928|F1: 0.7899
Valid Epoch=5 | ACC: 0.9922|F1: 0.7786
Valid Epoch=6 | ACC: 0.9941|F1: 0.8233
Valid Epoch=7 | ACC: 0.9936|F1: 0.8123
Valid Epoch=8 | ACC: 0.9934|F1: 0.8115
Reducing learning rate by 0.1000
Valid Epoch=9 | ACC: 0.9933|F1: 0.8058
Valid Epoch=10 | ACC: 0.9935|F1: 0.8114
Reducing learning rate by 0.1000
Valid Epoch=11 | ACC: 0.9935|F1: 0.8106
Valid Epoch=12 | ACC: 0.9936|F1: 0.8122
Reducing learning rate by 0.1000
Early stop at epoch 12 with F1=0.8122
Reload model:outputs/seed42_detector.pth
Test Noise=04 | Stable | Epoch=12 | ACC: 0.9941|F1: 0.8221
Test Noise=04 | Unstable | Epoch=12 | ACC: 0.9941|F1: 0.8224
Noise Level: 06
Valid Epoch=1 | ACC: 0.9891|F1: 0.6969
Valid Epoch=2 | ACC: 0.9896|F1: 0.7116
Valid Epoch=3 | ACC: 0.9904|F1: 0.7325
Valid Epoch=4 | ACC: 0.9902|F1: 0.7315
Valid Epoch=5 | ACC: 0.9922|F1: 0.7754
Valid Epoch=6 | ACC: 0.9927|F1: 0.7889
Valid Epoch=7 | ACC: 0.9926|F1: 0.7887
Valid Epoch=8 | ACC: 0.9934|F1: 0.8069
Valid Epoch=9 | ACC: 0.9927|F1: 0.7933
Valid Epoch=10 | ACC: 0.9929|F1: 0.7979
Reducing learning rate by 0.1000
Valid Epoch=11 | ACC: 0.9928|F1: 0.7949
Valid Epoch=12 | ACC: 0.9934|F1: 0.8072
Valid Epoch=13 | ACC: 0.9932|F1: 0.8030
Valid Epoch=14 | ACC: 0.9932|F1: 0.8033
Reducing learning rate by 0.1000
Valid Epoch=15 | ACC: 0.9931|F1: 0.8023
Valid Epoch=16 | ACC: 0.9932|F1: 0.8026
Reducing learning rate by 0.1000
Early stop at epoch 16 with F1=0.8026
Reload model:outputs/seed42_detector.pth
Test Noise=06 | Stable | Epoch=16 | ACC: 0.9933|F1: 0.8048
Test Noise=06 | Unstable | Epoch=16 | ACC: 0.9933|F1: 0.8035
Noise Level: 08
Valid Epoch=1 | ACC: 0.9902|F1: 0.7019
Valid Epoch=2 | ACC: 0.9901|F1: 0.7131
Valid Epoch=3 | ACC: 0.9903|F1: 0.7215
Valid Epoch=4 | ACC: 0.9904|F1: 0.7246
Valid Epoch=5 | ACC: 0.9904|F1: 0.7267
Valid Epoch=6 | ACC: 0.9912|F1: 0.7486
Valid Epoch=7 | ACC: 0.9910|F1: 0.7471
Valid Epoch=8 | ACC: 0.9908|F1: 0.7466
Reducing learning rate by 0.1000
Valid Epoch=9 | ACC: 0.9909|F1: 0.7441
Valid Epoch=10 | ACC: 0.9911|F1: 0.7479
Reducing learning rate by 0.1000
Valid Epoch=11 | ACC: 0.9910|F1: 0.7459
Valid Epoch=12 | ACC: 0.9912|F1: 0.7488
Valid Epoch=13 | ACC: 0.9911|F1: 0.7476
Valid Epoch=14 | ACC: 0.9911|F1: 0.7471
Reducing learning rate by 0.1000
Early stop at epoch 14 with F1=0.7471
Reload model:outputs/seed42_detector.pth
Test Noise=08 | Stable | Epoch=14 | ACC: 0.9911|F1: 0.7464
Test Noise=08 | Unstable | Epoch=14 | ACC: 0.9911|F1: 0.7463
Noise Level: 10
Valid Epoch=1 | ACC: 0.9888|F1: 0.6588
Valid Epoch=2 | ACC: 0.9868|F1: 0.6380
Valid Epoch=3 | ACC: 0.9878|F1: 0.6630
Valid Epoch=4 | ACC: 0.9875|F1: 0.6668
Valid Epoch=5 | ACC: 0.9887|F1: 0.6924
Valid Epoch=6 | ACC: 0.9892|F1: 0.7053
Valid Epoch=7 | ACC: 0.9897|F1: 0.7193
Valid Epoch=8 | ACC: 0.9917|F1: 0.7575
Valid Epoch=9 | ACC: 0.9904|F1: 0.7415
Valid Epoch=10 | ACC: 0.9921|F1: 0.7751
Valid Epoch=11 | ACC: 0.9909|F1: 0.7558
Valid Epoch=12 | ACC: 0.9905|F1: 0.7491
Reducing learning rate by 0.1000
Valid Epoch=13 | ACC: 0.9919|F1: 0.7743
Valid Epoch=14 | ACC: 0.9919|F1: 0.7747
Reducing learning rate by 0.1000
Valid Epoch=15 | ACC: 0.9920|F1: 0.7769
Valid Epoch=16 | ACC: 0.9919|F1: 0.7748
Valid Epoch=17 | ACC: 0.9921|F1: 0.7788
Valid Epoch=18 | ACC: 0.9921|F1: 0.7787
Valid Epoch=19 | ACC: 0.9920|F1: 0.7771
Reducing learning rate by 0.1000
Early stop at epoch 19 with F1=0.7771
Reload model:outputs/seed42_detector.pth
Test Noise=10 | Stable | Epoch=19 | ACC: 0.9921|F1: 0.7768
Test Noise=10 | Unstable | Epoch=19 | ACC: 0.9922|F1: 0.7794
