Noise Level: 00
Valid Epoch=1 | ACC: 0.9860|F1: 0.6548
Valid Epoch=2 | ACC: 0.9942|F1: 0.8205
Valid Epoch=3 | ACC: 0.9894|F1: 0.7230
Valid Epoch=4 | ACC: 0.9932|F1: 0.8014
Reducing learning rate by 0.1000
Valid Epoch=5 | ACC: 0.9911|F1: 0.7532
Valid Epoch=6 | ACC: 0.9921|F1: 0.7739
Reducing learning rate by 0.1000
Valid Epoch=7 | ACC: 0.9924|F1: 0.7796
Valid Epoch=8 | ACC: 0.9923|F1: 0.7771
Reducing learning rate by 0.1000
Early stop at epoch 8 with F1=0.7771
Reload model:outputs/seed42_detector.pth
Test Noise=00 | Stable | Epoch=8 | ACC: 0.9944|F1: 0.8260
Test Noise=00 | Unstable | Epoch=8 | ACC: 0.9946|F1: 0.8308
Noise Level: 02
Valid Epoch=1 | ACC: 0.9906|F1: 0.7365
Valid Epoch=2 | ACC: 0.9916|F1: 0.7652
Valid Epoch=3 | ACC: 0.9911|F1: 0.7569
Valid Epoch=4 | ACC: 0.9938|F1: 0.8138
Valid Epoch=5 | ACC: 0.9933|F1: 0.8069
Valid Epoch=6 | ACC: 0.9943|F1: 0.8314
Valid Epoch=7 | ACC: 0.9941|F1: 0.8292
Valid Epoch=8 | ACC: 0.9948|F1: 0.8417
Valid Epoch=9 | ACC: 0.9949|F1: 0.8476
Valid Epoch=10 | ACC: 0.9945|F1: 0.8392
Valid Epoch=11 | ACC: 0.9947|F1: 0.8454
Reducing learning rate by 0.1000
Valid Epoch=12 | ACC: 0.9949|F1: 0.8486
Valid Epoch=13 | ACC: 0.9952|F1: 0.8567
Valid Epoch=14 | ACC: 0.9950|F1: 0.8520
Valid Epoch=15 | ACC: 0.9948|F1: 0.8473
Reducing learning rate by 0.1000
Valid Epoch=16 | ACC: 0.9948|F1: 0.8471
Valid Epoch=17 | ACC: 0.9949|F1: 0.8488
Reducing learning rate by 0.1000
Early stop at epoch 17 with F1=0.8488
Reload model:outputs/seed42_detector.pth
Test Noise=02 | Stable | Epoch=17 | ACC: 0.9953|F1: 0.8585
Test Noise=02 | Unstable | Epoch=17 | ACC: 0.9954|F1: 0.8602
Noise Level: 04
Valid Epoch=1 | ACC: 0.9904|F1: 0.7253
Valid Epoch=2 | ACC: 0.9924|F1: 0.7773
Valid Epoch=3 | ACC: 0.9925|F1: 0.7810
Valid Epoch=4 | ACC: 0.9919|F1: 0.7703
Valid Epoch=5 | ACC: 0.9931|F1: 0.7970
Valid Epoch=6 | ACC: 0.9928|F1: 0.7932
Valid Epoch=7 | ACC: 0.9919|F1: 0.7752
Reducing learning rate by 0.1000
Valid Epoch=8 | ACC: 0.9926|F1: 0.7859
Valid Epoch=9 | ACC: 0.9928|F1: 0.7913
Reducing learning rate by 0.1000
Valid Epoch=10 | ACC: 0.9926|F1: 0.7863
Valid Epoch=11 | ACC: 0.9926|F1: 0.7874
Reducing learning rate by 0.1000
Early stop at epoch 11 with F1=0.7874
Reload model:outputs/seed42_detector.pth
Test Noise=04 | Stable | Epoch=11 | ACC: 0.9934|F1: 0.8032
Test Noise=04 | Unstable | Epoch=11 | ACC: 0.9933|F1: 0.8015
Noise Level: 06
Valid Epoch=1 | ACC: 0.9911|F1: 0.7307
Valid Epoch=2 | ACC: 0.9878|F1: 0.6836
Valid Epoch=3 | ACC: 0.9906|F1: 0.7353
Valid Epoch=4 | ACC: 0.9910|F1: 0.7459
Valid Epoch=5 | ACC: 0.9907|F1: 0.7426
Valid Epoch=6 | ACC: 0.9925|F1: 0.7827
Valid Epoch=7 | ACC: 0.9934|F1: 0.8058
Valid Epoch=8 | ACC: 0.9930|F1: 0.7975
Valid Epoch=9 | ACC: 0.9926|F1: 0.7925
Reducing learning rate by 0.1000
Valid Epoch=10 | ACC: 0.9930|F1: 0.7970
Valid Epoch=11 | ACC: 0.9929|F1: 0.7955
Reducing learning rate by 0.1000
Valid Epoch=12 | ACC: 0.9929|F1: 0.7949
Valid Epoch=13 | ACC: 0.9930|F1: 0.7973
Reducing learning rate by 0.1000
Early stop at epoch 13 with F1=0.7973
Reload model:outputs/seed42_detector.pth
Test Noise=06 | Stable | Epoch=13 | ACC: 0.9933|F1: 0.8021
Test Noise=06 | Unstable | Epoch=13 | ACC: 0.9932|F1: 0.7990
Noise Level: 08
Valid Epoch=1 | ACC: 0.9899|F1: 0.6943
Valid Epoch=2 | ACC: 0.9905|F1: 0.7148
Valid Epoch=3 | ACC: 0.9891|F1: 0.6949
Valid Epoch=4 | ACC: 0.9891|F1: 0.6989
Reducing learning rate by 0.1000
Valid Epoch=5 | ACC: 0.9887|F1: 0.6846
Valid Epoch=6 | ACC: 0.9885|F1: 0.6822
Reducing learning rate by 0.1000
Valid Epoch=7 | ACC: 0.9885|F1: 0.6806
Valid Epoch=8 | ACC: 0.9885|F1: 0.6817
Reducing learning rate by 0.1000
Early stop at epoch 8 with F1=0.6817
Reload model:outputs/seed42_detector.pth
Test Noise=08 | Stable | Epoch=8 | ACC: 0.9907|F1: 0.7200
Test Noise=08 | Unstable | Epoch=8 | ACC: 0.9908|F1: 0.7206
Noise Level: 10
Valid Epoch=1 | ACC: 0.9879|F1: 0.6473
Valid Epoch=2 | ACC: 0.9872|F1: 0.6460
Valid Epoch=3 | ACC: 0.9859|F1: 0.6375
Reducing learning rate by 0.1000
Valid Epoch=4 | ACC: 0.9876|F1: 0.6450
Valid Epoch=5 | ACC: 0.9875|F1: 0.6454
Reducing learning rate by 0.1000
Valid Epoch=6 | ACC: 0.9880|F1: 0.6492
Valid Epoch=7 | ACC: 0.9878|F1: 0.6466
Valid Epoch=8 | ACC: 0.9880|F1: 0.6486
Reducing learning rate by 0.1000
Early stop at epoch 8 with F1=0.6486
Reload model:outputs/seed42_detector.pth
Test Noise=10 | Stable | Epoch=8 | ACC: 0.9879|F1: 0.6449
Test Noise=10 | Unstable | Epoch=8 | ACC: 0.9881|F1: 0.6517
